<?xml version="1.0" encoding="UTF-8"?>
<!-- Generated by org.testng.reporters.JUnitXMLReporter -->
<testsuite hostname="DESKTOP-OCIPN57" ignored="0" name="Test" tests="5" failures="0" timestamp="2021-05-28T21:40:53 IST" time="12.344" errors="0">
  <testcase name="verifyAPIResponseTime" time="3.881" classname="com.Tests.API_Test01"/>
  <testcase name="verifyResponseCode" time="1.883" classname="com.Tests.API_Test01"/>
  <testcase name="verifyResponseStatus" time="1.858" classname="com.Tests.API_Test01"/>
  <testcase name="verify_FlightNumber" time="2.533" classname="com.Tests.API_Test01"/>
  <testcase name="verify_ID" time="1.552" classname="com.Tests.API_Test01"/>
</testsuite> <!-- Test -->
