<?xml version="1.0" encoding="UTF-8"?>
<testsuite xmlns:xsi="http://www.w3.org/2001/XMLSchema-instance" xsi:noNamespaceSchemaLocation="https://maven.apache.org/surefire/maven-surefire-plugin/xsd/surefire-test-report.xsd" name="TestSuite" time="13.781" tests="5" errors="0" skipped="0" failures="0">
  <properties>
[...]
</properties>
  <testcase name="verifyAPIResponseTime" classname="com.Tests.API_Test01" time="3.884"/>
  <testcase name="verifyResponseCode" classname="com.Tests.API_Test01" time="1.884"/>
  <testcase name="verifyResponseStatus" classname="com.Tests.API_Test01" time="1.857"/>
  <testcase name="verify_FlightNumber" classname="com.Tests.API_Test01" time="2.532"/>
  <testcase name="verify_ID" classname="com.Tests.API_Test01" time="1.552"/>
</testsuite>